# JRE version: OpenJDK Runtime Environment Microsoft-9388408 (17.0.11+9) (build 17.0.11+9-LTS)
# Java VM: OpenJDK 64-Bit Server VM Microsoft-9388408 (17.0.11+9-LTS, mixed mode, sharing, tiered, compressed oops, compressed class ptrs, g1 gc, windows-amd64)
GC Precious Log:
 CPUs: 4 total, 4 available
 Memory: 3738M
 Large Page Support: Disabled
 NUMA Support: Disabled
 Compressed Oops: Enabled (32-bit)
 Heap Region Size: 1M
 Heap Min Capacity: 8M
 Heap Initial Capacity: 60M
 Heap Max Capacity: 936M
 Pre-touch: Disabled
 Parallel Workers: 4
 Concurrent Workers: 1
 Concurrent Refinement Workers: 4
 Periodic GC: Disabled
Heap:
 garbage-first heap   total 366592K, used 298703K [0x00000000c5800000, 0x0000000100000000)
  region size 1024K, 3 young (3072K), 3 survivors (3072K)
 Metaspace       used 71434K, committed 71808K, reserved 1114112K
  class space    used 8286K, committed 8448K, reserved 1048576K
GC Heap History (20 events):
Event: 1265.047 GC heap after
{Heap after GC invocations=59 (full 0):
 garbage-first heap   total 366592K, used 258048K [0x00000000c5800000, 0x0000000100000000)
  region size 1024K, 8 young (8192K), 8 survivors (8192K)
 Metaspace       used 71431K, committed 71808K, reserved 1114112K
  class space    used 8286K, committed 8448K, reserved 1048576K
}
Event: 1267.902 GC heap before
{Heap before GC invocations=59 (full 0):
 garbage-first heap   total 366592K, used 267264K [0x00000000c5800000, 0x0000000100000000)
  region size 1024K, 17 young (17408K), 8 survivors (8192K)
 Metaspace       used 71431K, committed 71808K, reserved 1114112K
  class space    used 8286K, committed 8448K, reserved 1048576K
}
Event: 1267.935 GC heap after
{Heap after GC invocations=60 (full 0):
 garbage-first heap   total 366592K, used 259898K [0x00000000c5800000, 0x0000000100000000)
  region size 1024K, 2 young (2048K), 2 survivors (2048K)
 Metaspace       used 71431K, committed 71808K, reserved 1114112K
  class space    used 8286K, committed 8448K, reserved 1048576K
}
Event: 1268.197 GC heap before
{Heap before GC invocations=60 (full 0):
 garbage-first heap   total 366592K, used 275258K [0x00000000c5800000, 0x0000000100000000)
  region size 1024K, 17 young (17408K), 2 survivors (2048K)
 Metaspace       used 71431K, committed 71808K, reserved 1114112K
  class space    used 8286K, committed 8448K, reserved 1048576K
}
Event: 1268.206 GC heap after
{Heap after GC invocations=61 (full 0):
 garbage-first heap   total 366592K, used 261541K [0x00000000c5800000, 0x0000000100000000)
  region size 1024K, 3 young (3072K), 3 survivors (3072K)
 Metaspace       used 71431K, committed 71808K, reserved 1114112K
  class space    used 8286K, committed 8448K, reserved 1048576K
}
Event: 1268.949 GC heap before
{Heap before GC invocations=61 (full 0):
 garbage-first heap   total 366592K, used 274853K [0x00000000c5800000, 0x0000000100000000)
  region size 1024K, 17 young (17408K), 3 survivors (3072K)
 Metaspace       used 71431K, committed 71808K, reserved 1114112K
  class space    used 8286K, committed 8448K, reserved 1048576K
}
Event: 1268.965 GC heap after
{Heap after GC invocations=62 (full 0):
 garbage-first heap   total 366592K, used 263876K [0x00000000c5800000, 0x0000000100000000)
  region size 1024K, 3 young (3072K), 3 survivors (3072K)
 Metaspace       used 71431K, committed 71808K, reserved 1114112K
  class space    used 8286K, committed 8448K, reserved 1048576K
}
Event: 1270.677 GC heap before
{Heap before GC invocations=62 (full 0):
 garbage-first heap   total 366592K, used 307908K [0x00000000c5800000, 0x0000000100000000)
  region size 1024K, 46 young (47104K), 3 survivors (3072K)
 Metaspace       used 71432K, committed 71808K, reserved 1114112K
  class space    used 8286K, committed 8448K, reserved 1048576K
}
Event: 1270.740 GC heap after
{Heap after GC invocations=63 (full 0):
 garbage-first heap   total 366592K, used 271147K [0x00000000c5800000, 0x0000000100000000)
  region size 1024K, 6 young (6144K), 6 survivors (6144K)
 Metaspace       used 71432K, committed 71808K, reserved 1114112K
  class space    used 8286K, committed 8448K, reserved 1048576K
}
Event: 1271.193 GC heap before
{Heap before GC invocations=63 (full 0):
 garbage-first heap   total 366592K, used 311083K [0x00000000c5800000, 0x0000000100000000)
  region size 1024K, 45 young (46080K), 6 survivors (6144K)
 Metaspace       used 71432K, committed 71808K, reserved 1114112K
  class space    used 8286K, committed 8448K, reserved 1048576K
}
Event: 1271.230 GC heap after
{Heap after GC invocations=64 (full 0):
 garbage-first heap   total 366592K, used 278966K [0x00000000c5800000, 0x0000000100000000)
  region size 1024K, 6 young (6144K), 6 survivors (6144K)
 Metaspace       used 71432K, committed 71808K, reserved 1114112K
  class space    used 8286K, committed 8448K, reserved 1048576K
}
Event: 1271.522 GC heap before
{Heap before GC invocations=64 (full 0):
 garbage-first heap   total 366592K, used 314806K [0x00000000c5800000, 0x0000000100000000)
  region size 1024K, 39 young (39936K), 6 survivors (6144K)
 Metaspace       used 71432K, committed 71808K, reserved 1114112K
  class space    used 8286K, committed 8448K, reserved 1048576K
}
Event: 1271.560 GC heap after
{Heap after GC invocations=65 (full 0):
 garbage-first heap   total 366592K, used 287360K [0x00000000c5800000, 0x0000000100000000)
  region size 1024K, 5 young (5120K), 5 survivors (5120K)
 Metaspace       used 71432K, committed 71808K, reserved 1114112K
  class space    used 8286K, committed 8448K, reserved 1048576K
}
Event: 1273.431 GC heap before
{Heap before GC invocations=65 (full 0):
 garbage-first heap   total 366592K, used 315008K [0x00000000c5800000, 0x0000000100000000)
  region size 1024K, 33 young (33792K), 5 survivors (5120K)
 Metaspace       used 71434K, committed 71808K, reserved 1114112K
  class space    used 8286K, committed 8448K, reserved 1048576K
}
Event: 1274.344 GC heap after
{Heap after GC invocations=66 (full 0):
 garbage-first heap   total 366592K, used 291840K [0x00000000c5800000, 0x0000000100000000)
  region size 1024K, 4 young (4096K), 4 survivors (4096K)
 Metaspace       used 71434K, committed 71808K, reserved 1114112K
  class space    used 8286K, committed 8448K, reserved 1048576K
}
Event: 1275.736 GC heap before
{Heap before GC invocations=66 (full 0):
 garbage-first heap   total 366592K, used 305152K [0x00000000c5800000, 0x0000000100000000)
  region size 1024K, 17 young (17408K), 4 survivors (4096K)
 Metaspace       used 71434K, committed 71808K, reserved 1114112K
  class space    used 8286K, committed 8448K, reserved 1048576K
}
Event: 1276.629 GC heap after
{Heap after GC invocations=67 (full 0):
 garbage-first heap   total 366592K, used 294273K [0x00000000c5800000, 0x0000000100000000)
  region size 1024K, 3 young (3072K), 3 survivors (3072K)
 Metaspace       used 71434K, committed 71808K, reserved 1114112K
  class space    used 8286K, committed 8448K, reserved 1048576K
}
Event: 1277.306 GC heap before
{Heap before GC invocations=67 (full 0):
 garbage-first heap   total 366592K, used 308609K [0x00000000c5800000, 0x0000000100000000)
  region size 1024K, 17 young (17408K), 3 survivors (3072K)
 Metaspace       used 71434K, committed 71808K, reserved 1114112K
  class space    used 8286K, committed 8448K, reserved 1048576K
}
Event: 1277.828 GC heap after
{Heap after GC invocations=68 (full 0):
 garbage-first heap   total 366592K, used 296278K [0x00000000c5800000, 0x0000000100000000)
  region size 1024K, 2 young (2048K), 2 survivors (2048K)
 Metaspace       used 71434K, committed 71808K, reserved 1114112K
  class space    used 8286K, committed 8448K, reserved 1048576K
}
Event: 1279.759 GC heap before
{Heap before GC invocations=68 (full 0):
 garbage-first heap   total 366592K, used 310614K [0x00000000c5800000, 0x0000000100000000)
  region size 1024K, 17 young (17408K), 2 survivors (2048K)
 Metaspace       used 71434K, committed 71808K, reserved 1114112K
  class space    used 8286K, committed 8448K, reserved 1048576K
}

