# JRE version: OpenJDK Runtime Environment Microsoft-9388408 (17.0.11+9) (build 17.0.11+9-LTS)
# Java VM: OpenJDK 64-Bit Server VM Microsoft-9388408 (17.0.11+9-LTS, mixed mode, sharing, tiered, compressed oops, compressed class ptrs, g1 gc, windows-amd64)
GC Precious Log:
 CPUs: 4 total, 4 available
 Memory: 3738M
 Large Page Support: Disabled
 NUMA Support: Disabled
 Compressed Oops: Enabled (32-bit)
 Heap Region Size: 1M
 Heap Min Capacity: 8M
 Heap Initial Capacity: 60M
 Heap Max Capacity: 936M
 Pre-touch: Disabled
 Parallel Workers: 4
 Concurrent Workers: 1
 Concurrent Refinement Workers: 4
 Periodic GC: Disabled
Heap:
 garbage-first heap   total 191488K, used 147139K [0x00000000c5800000, 0x0000000100000000)
  region size 1024K, 91 young (93184K), 2 survivors (2048K)
 Metaspace       used 57878K, committed 58240K, reserved 1114112K
  class space    used 6619K, committed 6784K, reserved 1048576K
GC Heap History (20 events):
Event: 11.046 GC heap before
{Heap before GC invocations=13 (full 0):
 garbage-first heap   total 73728K, used 56320K [0x00000000c5800000, 0x0000000100000000)
  region size 1024K, 19 young (19456K), 3 survivors (3072K)
 Metaspace       used 46595K, committed 46912K, reserved 1114112K
  class space    used 5520K, committed 5696K, reserved 1048576K
}
Event: 11.063 GC heap after
{Heap after GC invocations=14 (full 0):
 garbage-first heap   total 73728K, used 43079K [0x00000000c5800000, 0x0000000100000000)
  region size 1024K, 3 young (3072K), 3 survivors (3072K)
 Metaspace       used 46595K, committed 46912K, reserved 1114112K
  class space    used 5520K, committed 5696K, reserved 1048576K
}
Event: 11.407 GC heap before
{Heap before GC invocations=15 (full 0):
 garbage-first heap   total 76800K, used 57415K [0x00000000c5800000, 0x0000000100000000)
  region size 1024K, 17 young (17408K), 3 survivors (3072K)
 Metaspace       used 46656K, committed 46976K, reserved 1114112K
  class space    used 5523K, committed 5696K, reserved 1048576K
}
Event: 11.420 GC heap after
{Heap after GC invocations=16 (full 0):
 garbage-first heap   total 76800K, used 46080K [0x00000000c5800000, 0x0000000100000000)
  region size 1024K, 3 young (3072K), 3 survivors (3072K)
 Metaspace       used 46656K, committed 46976K, reserved 1114112K
  class space    used 5523K, committed 5696K, reserved 1048576K
}
Event: 11.430 GC heap before
{Heap before GC invocations=16 (full 0):
 garbage-first heap   total 76800K, used 47104K [0x00000000c5800000, 0x0000000100000000)
  region size 1024K, 4 young (4096K), 3 survivors (3072K)
 Metaspace       used 46659K, committed 46976K, reserved 1114112K
  class space    used 5523K, committed 5696K, reserved 1048576K
}
Event: 11.439 GC heap after
{Heap after GC invocations=17 (full 0):
 garbage-first heap   total 95232K, used 45614K [0x00000000c5800000, 0x0000000100000000)
  region size 1024K, 1 young (1024K), 1 survivors (1024K)
 Metaspace       used 46659K, committed 46976K, reserved 1114112K
  class space    used 5523K, committed 5696K, reserved 1048576K
}
Event: 11.814 GC heap before
{Heap before GC invocations=17 (full 0):
 garbage-first heap   total 95232K, used 70190K [0x00000000c5800000, 0x0000000100000000)
  region size 1024K, 26 young (26624K), 1 survivors (1024K)
 Metaspace       used 46730K, committed 47040K, reserved 1114112K
  class space    used 5525K, committed 5696K, reserved 1048576K
}
Event: 11.825 GC heap after
{Heap after GC invocations=18 (full 0):
 garbage-first heap   total 95232K, used 50004K [0x00000000c5800000, 0x0000000100000000)
  region size 1024K, 4 young (4096K), 4 survivors (4096K)
 Metaspace       used 46730K, committed 47040K, reserved 1114112K
  class space    used 5525K, committed 5696K, reserved 1048576K
}
Event: 12.224 GC heap before
{Heap before GC invocations=19 (full 0):
 garbage-first heap   total 95232K, used 73556K [0x00000000c5800000, 0x0000000100000000)
  region size 1024K, 27 young (27648K), 4 survivors (4096K)
 Metaspace       used 47003K, committed 47296K, reserved 1114112K
  class space    used 5546K, committed 5696K, reserved 1048576K
}
Event: 12.238 GC heap after
{Heap after GC invocations=20 (full 0):
 garbage-first heap   total 95232K, used 53066K [0x00000000c5800000, 0x0000000100000000)
  region size 1024K, 3 young (3072K), 3 survivors (3072K)
 Metaspace       used 47003K, committed 47296K, reserved 1114112K
  class space    used 5546K, committed 5696K, reserved 1048576K
}
Event: 12.241 GC heap before
{Heap before GC invocations=20 (full 0):
 garbage-first heap   total 95232K, used 54090K [0x00000000c5800000, 0x0000000100000000)
  region size 1024K, 4 young (4096K), 3 survivors (3072K)
 Metaspace       used 47003K, committed 47296K, reserved 1114112K
  class space    used 5546K, committed 5696K, reserved 1048576K
}
Event: 12.248 GC heap after
{Heap after GC invocations=21 (full 0):
 garbage-first heap   total 95232K, used 52463K [0x00000000c5800000, 0x0000000100000000)
  region size 1024K, 1 young (1024K), 1 survivors (1024K)
 Metaspace       used 47003K, committed 47296K, reserved 1114112K
  class space    used 5546K, committed 5696K, reserved 1048576K
}
Event: 12.437 GC heap before
{Heap before GC invocations=21 (full 0):
 garbage-first heap   total 95232K, used 73967K [0x00000000c5800000, 0x0000000100000000)
  region size 1024K, 22 young (22528K), 1 survivors (1024K)
 Metaspace       used 47433K, committed 47744K, reserved 1114112K
  class space    used 5594K, committed 5760K, reserved 1048576K
}
Event: 12.439 GC heap after
{Heap after GC invocations=22 (full 0):
 garbage-first heap   total 95232K, used 52321K [0x00000000c5800000, 0x0000000100000000)
  region size 1024K, 1 young (1024K), 1 survivors (1024K)
 Metaspace       used 47433K, committed 47744K, reserved 1114112K
  class space    used 5594K, committed 5760K, reserved 1048576K
}
Event: 14.277 GC heap before
{Heap before GC invocations=23 (full 0):
 garbage-first heap   total 95232K, used 74849K [0x00000000c5800000, 0x0000000100000000)
  region size 1024K, 23 young (23552K), 1 survivors (1024K)
 Metaspace       used 51053K, committed 51392K, reserved 1114112K
  class space    used 6039K, committed 6208K, reserved 1048576K
}
Event: 14.287 GC heap after
{Heap after GC invocations=24 (full 0):
 garbage-first heap   total 95232K, used 54627K [0x00000000c5800000, 0x0000000100000000)
  region size 1024K, 3 young (3072K), 3 survivors (3072K)
 Metaspace       used 51053K, committed 51392K, reserved 1114112K
  class space    used 6039K, committed 6208K, reserved 1048576K
}
Event: 14.344 GC heap before
{Heap before GC invocations=24 (full 0):
 garbage-first heap   total 95232K, used 55651K [0x00000000c5800000, 0x0000000100000000)
  region size 1024K, 4 young (4096K), 3 survivors (3072K)
 Metaspace       used 51409K, committed 51712K, reserved 1114112K
  class space    used 6130K, committed 6272K, reserved 1048576K
}
Event: 14.352 GC heap after
{Heap after GC invocations=25 (full 0):
 garbage-first heap   total 95232K, used 54368K [0x00000000c5800000, 0x0000000100000000)
  region size 1024K, 1 young (1024K), 1 survivors (1024K)
 Metaspace       used 51409K, committed 51712K, reserved 1114112K
  class space    used 6130K, committed 6272K, reserved 1048576K
}
Event: 15.496 GC heap before
{Heap before GC invocations=25 (full 0):
 garbage-first heap   total 95232K, used 75872K [0x00000000c5800000, 0x0000000100000000)
  region size 1024K, 22 young (22528K), 1 survivors (1024K)
 Metaspace       used 54599K, committed 54912K, reserved 1114112K
  class space    used 6506K, committed 6656K, reserved 1048576K
}
Event: 15.506 GC heap after
{Heap after GC invocations=26 (full 0):
 garbage-first heap   total 285696K, used 56003K [0x00000000c5800000, 0x0000000100000000)
  region size 1024K, 2 young (2048K), 2 survivors (2048K)
 Metaspace       used 54599K, committed 54912K, reserved 1114112K
  class space    used 6506K, committed 6656K, reserved 1048576K
}

