# JRE version: OpenJDK Runtime Environment Temurin-21.0.10+7 (21.0.10+7) (build 21.0.10+7-LTS)
# Java VM: OpenJDK 64-Bit Server VM Temurin-21.0.10+7 (21.0.10+7-LTS, mixed mode, sharing, tiered, compressed oops, compressed class ptrs, g1 gc, windows-amd64)
GC Precious Log:
 CardTable entry size: 512
 Card Set container configuration: InlinePtr #cards 5 size 8 Array Of Cards #cards 12 size 40 Howl #buckets 4 coarsen threshold 1843 Howl Bitmap #cards 512 size 80 coarsen threshold 460 Card regions per heap region 1 cards per card region 2048
 CPUs: 4 total, 4 available
 Memory: 3738M
 Large Page Support: Disabled
 NUMA Support: Disabled
 Compressed Oops: Enabled (32-bit)
 Heap Region Size: 1M
 Heap Min Capacity: 8M
 Heap Initial Capacity: 60M
 Heap Max Capacity: 2G
 Pre-touch: Disabled
 Parallel Workers: 4
 Concurrent Workers: 1
 Concurrent Refinement Workers: 4
 Periodic GC: Disabled
Heap:
 garbage-first heap   total 116736K, used 76927K [0x0000000080000000, 0x0000000100000000)
  region size 1024K, 5 young (5120K), 2 survivors (2048K)
 Metaspace       used 65487K, committed 67328K, reserved 1114112K
  class space    used 9238K, committed 10112K, reserved 1048576K
GC Heap History (20 events):
Event: 146.283 GC heap before
{Heap before GC invocations=27 (full 0):
 garbage-first heap   total 70656K, used 60269K [0x0000000080000000, 0x0000000100000000)
  region size 1024K, 20 young (20480K), 3 survivors (3072K)
 Metaspace       used 51125K, committed 52800K, reserved 1114112K
  class space    used 7374K, committed 8192K, reserved 1048576K
}
Event: 146.288 GC heap after
{Heap after GC invocations=28 (full 0):
 garbage-first heap   total 70656K, used 44528K [0x0000000080000000, 0x0000000100000000)
  region size 1024K, 2 young (2048K), 2 survivors (2048K)
 Metaspace       used 51125K, committed 52800K, reserved 1114112K
  class space    used 7374K, committed 8192K, reserved 1048576K
}
Event: 147.921 GC heap before
{Heap before GC invocations=29 (full 0):
 garbage-first heap   total 78848K, used 76272K [0x0000000080000000, 0x0000000100000000)
  region size 1024K, 20 young (20480K), 2 survivors (2048K)
 Metaspace       used 51910K, committed 53632K, reserved 1114112K
  class space    used 7502K, committed 8384K, reserved 1048576K
}
Event: 147.926 GC heap after
{Heap after GC invocations=30 (full 0):
 garbage-first heap   total 86016K, used 64348K [0x0000000080000000, 0x0000000100000000)
  region size 1024K, 3 young (3072K), 3 survivors (3072K)
 Metaspace       used 51910K, committed 53632K, reserved 1114112K
  class space    used 7502K, committed 8384K, reserved 1048576K
}
Event: 149.135 GC heap before
{Heap before GC invocations=30 (full 0):
 garbage-first heap   total 86016K, used 77660K [0x0000000080000000, 0x0000000100000000)
  region size 1024K, 16 young (16384K), 3 survivors (3072K)
 Metaspace       used 52837K, committed 54528K, reserved 1114112K
  class space    used 7606K, committed 8448K, reserved 1048576K
}
Event: 149.140 GC heap after
{Heap after GC invocations=31 (full 0):
 garbage-first heap   total 86016K, used 65234K [0x0000000080000000, 0x0000000100000000)
  region size 1024K, 1 young (1024K), 1 survivors (1024K)
 Metaspace       used 52837K, committed 54528K, reserved 1114112K
  class space    used 7606K, committed 8448K, reserved 1048576K
}
Event: 150.783 GC heap before
{Heap before GC invocations=31 (full 0):
 garbage-first heap   total 86016K, used 77522K [0x0000000080000000, 0x0000000100000000)
  region size 1024K, 14 young (14336K), 1 survivors (1024K)
 Metaspace       used 53931K, committed 55744K, reserved 1114112K
  class space    used 7744K, committed 8640K, reserved 1048576K
}
Event: 150.787 GC heap after
{Heap after GC invocations=32 (full 0):
 garbage-first heap   total 86016K, used 65583K [0x0000000080000000, 0x0000000100000000)
  region size 1024K, 2 young (2048K), 2 survivors (2048K)
 Metaspace       used 53931K, committed 55744K, reserved 1114112K
  class space    used 7744K, committed 8640K, reserved 1048576K
}
Event: 152.758 GC heap before
{Heap before GC invocations=33 (full 0):
 garbage-first heap   total 111616K, used 77871K [0x0000000080000000, 0x0000000100000000)
  region size 1024K, 15 young (15360K), 2 survivors (2048K)
 Metaspace       used 55294K, committed 57024K, reserved 1114112K
  class space    used 7864K, committed 8704K, reserved 1048576K
}
Event: 152.763 GC heap after
{Heap after GC invocations=34 (full 0):
 garbage-first heap   total 111616K, used 65954K [0x0000000080000000, 0x0000000100000000)
  region size 1024K, 1 young (1024K), 1 survivors (1024K)
 Metaspace       used 55294K, committed 57024K, reserved 1114112K
  class space    used 7864K, committed 8704K, reserved 1048576K
}
Event: 159.817 GC heap before
{Heap before GC invocations=34 (full 0):
 garbage-first heap   total 111616K, used 94626K [0x0000000080000000, 0x0000000100000000)
  region size 1024K, 30 young (30720K), 1 survivors (1024K)
 Metaspace       used 58315K, committed 60160K, reserved 1114112K
  class space    used 8317K, committed 9216K, reserved 1048576K
}
Event: 159.826 GC heap after
{Heap after GC invocations=35 (full 0):
 garbage-first heap   total 111616K, used 66419K [0x0000000080000000, 0x0000000100000000)
  region size 1024K, 2 young (2048K), 2 survivors (2048K)
 Metaspace       used 58315K, committed 60160K, reserved 1114112K
  class space    used 8317K, committed 9216K, reserved 1048576K
}
Event: 162.311 GC heap before
{Heap before GC invocations=35 (full 0):
 garbage-first heap   total 111616K, used 76659K [0x0000000080000000, 0x0000000100000000)
  region size 1024K, 13 young (13312K), 2 survivors (2048K)
 Metaspace       used 59900K, committed 61760K, reserved 1114112K
  class space    used 8510K, committed 9408K, reserved 1048576K
}
Event: 162.316 GC heap after
{Heap after GC invocations=36 (full 0):
 garbage-first heap   total 111616K, used 68143K [0x0000000080000000, 0x0000000100000000)
  region size 1024K, 4 young (4096K), 4 survivors (4096K)
 Metaspace       used 59900K, committed 61760K, reserved 1114112K
  class space    used 8510K, committed 9408K, reserved 1048576K
}
Event: 183.167 GC heap before
{Heap before GC invocations=37 (full 0):
 garbage-first heap   total 116736K, used 102959K [0x0000000080000000, 0x0000000100000000)
  region size 1024K, 34 young (34816K), 4 survivors (4096K)
 Metaspace       used 61371K, committed 63168K, reserved 1114112K
  class space    used 8711K, committed 9600K, reserved 1048576K
}
Event: 184.021 GC heap after
{Heap after GC invocations=38 (full 0):
 garbage-first heap   total 116736K, used 72042K [0x0000000080000000, 0x0000000100000000)
  region size 1024K, 5 young (5120K), 5 survivors (5120K)
 Metaspace       used 61371K, committed 63168K, reserved 1114112K
  class space    used 8711K, committed 9600K, reserved 1048576K
}
Event: 188.995 GC heap before
{Heap before GC invocations=38 (full 0):
 garbage-first heap   total 116736K, used 102762K [0x0000000080000000, 0x0000000100000000)
  region size 1024K, 35 young (35840K), 5 survivors (5120K)
 Metaspace       used 63509K, committed 65408K, reserved 1114112K
  class space    used 8987K, committed 9920K, reserved 1048576K
}
Event: 189.009 GC heap after
{Heap after GC invocations=39 (full 0):
 garbage-first heap   total 116736K, used 73657K [0x0000000080000000, 0x0000000100000000)
  region size 1024K, 2 young (2048K), 2 survivors (2048K)
 Metaspace       used 63509K, committed 65408K, reserved 1114112K
  class space    used 8987K, committed 9920K, reserved 1048576K
}
Event: 190.411 GC heap before
{Heap before GC invocations=39 (full 0):
 garbage-first heap   total 116736K, used 85945K [0x0000000080000000, 0x0000000100000000)
  region size 1024K, 14 young (14336K), 2 survivors (2048K)
 Metaspace       used 65259K, committed 67136K, reserved 1114112K
  class space    used 9207K, committed 10112K, reserved 1048576K
}
Event: 190.422 GC heap after
{Heap after GC invocations=40 (full 0):
 garbage-first heap   total 116736K, used 74879K [0x0000000080000000, 0x0000000100000000)
  region size 1024K, 2 young (2048K), 2 survivors (2048K)
 Metaspace       used 65259K, committed 67136K, reserved 1114112K
  class space    used 9207K, committed 10112K, reserved 1048576K
}

