# JRE version: OpenJDK Runtime Environment Microsoft-9388408 (17.0.11+9) (build 17.0.11+9-LTS)
# Java VM: OpenJDK 64-Bit Server VM Microsoft-9388408 (17.0.11+9-LTS, mixed mode, sharing, tiered, compressed oops, compressed class ptrs, g1 gc, windows-amd64)
GC Precious Log:
 CPUs: 4 total, 4 available
 Memory: 3738M
 Large Page Support: Disabled
 NUMA Support: Disabled
 Compressed Oops: Enabled (32-bit)
 Heap Region Size: 1M
 Heap Min Capacity: 8M
 Heap Initial Capacity: 60M
 Heap Max Capacity: 2G
 Pre-touch: Disabled
 Parallel Workers: 4
 Concurrent Workers: 1
 Concurrent Refinement Workers: 4
 Periodic GC: Disabled
Heap:
 garbage-first heap   total 280576K, used 123967K [0x0000000080000000, 0x0000000100000000)
  region size 1024K, 2 young (2048K), 2 survivors (2048K)
 Metaspace       used 93070K, committed 93824K, reserved 1179648K
  class space    used 12773K, committed 13120K, reserved 1048576K
GC Heap History (20 events):
Event: 305.073 GC heap after
{Heap after GC invocations=44 (full 0):
 garbage-first heap   total 280576K, used 90999K [0x0000000080000000, 0x0000000100000000)
  region size 1024K, 1 young (1024K), 1 survivors (1024K)
 Metaspace       used 72224K, committed 72896K, reserved 1114112K
  class space    used 9829K, committed 10176K, reserved 1048576K
}
Event: 327.820 GC heap before
{Heap before GC invocations=45 (full 0):
 garbage-first heap   total 280576K, used 161655K [0x0000000080000000, 0x0000000100000000)
  region size 1024K, 62 young (63488K), 1 survivors (1024K)
 Metaspace       used 77111K, committed 77760K, reserved 1179648K
  class space    used 10447K, committed 10752K, reserved 1048576K
}
Event: 327.949 GC heap after
{Heap after GC invocations=46 (full 0):
 garbage-first heap   total 280576K, used 94334K [0x0000000080000000, 0x0000000100000000)
  region size 1024K, 5 young (5120K), 5 survivors (5120K)
 Metaspace       used 77111K, committed 77760K, reserved 1179648K
  class space    used 10447K, committed 10752K, reserved 1048576K
}
Event: 329.018 GC heap before
{Heap before GC invocations=46 (full 0):
 garbage-first heap   total 280576K, used 101502K [0x0000000080000000, 0x0000000100000000)
  region size 1024K, 13 young (13312K), 5 survivors (5120K)
 Metaspace       used 78764K, committed 79424K, reserved 1179648K
  class space    used 10814K, committed 11136K, reserved 1048576K
}
Event: 329.845 GC heap after
{Heap after GC invocations=47 (full 0):
 garbage-first heap   total 280576K, used 93458K [0x0000000080000000, 0x0000000100000000)
  region size 1024K, 1 young (1024K), 1 survivors (1024K)
 Metaspace       used 78764K, committed 79424K, reserved 1179648K
  class space    used 10814K, committed 11136K, reserved 1048576K
}
Event: 334.979 GC heap before
{Heap before GC invocations=47 (full 0):
 garbage-first heap   total 280576K, used 127250K [0x0000000080000000, 0x0000000100000000)
  region size 1024K, 34 young (34816K), 1 survivors (1024K)
 Metaspace       used 82238K, committed 82880K, reserved 1179648K
  class space    used 11474K, committed 11776K, reserved 1048576K
}
Event: 335.054 GC heap after
{Heap after GC invocations=48 (full 0):
 garbage-first heap   total 280576K, used 93795K [0x0000000080000000, 0x0000000100000000)
  region size 1024K, 1 young (1024K), 1 survivors (1024K)
 Metaspace       used 82238K, committed 82880K, reserved 1179648K
  class space    used 11474K, committed 11776K, reserved 1048576K
}
Event: 340.521 GC heap before
{Heap before GC invocations=49 (full 0):
 garbage-first heap   total 280576K, used 153187K [0x0000000080000000, 0x0000000100000000)
  region size 1024K, 59 young (60416K), 1 survivors (1024K)
 Metaspace       used 82517K, committed 83200K, reserved 1179648K
  class space    used 11486K, committed 11840K, reserved 1048576K
}
Event: 340.532 GC heap after
{Heap after GC invocations=50 (full 0):
 garbage-first heap   total 280576K, used 94417K [0x0000000080000000, 0x0000000100000000)
  region size 1024K, 2 young (2048K), 2 survivors (2048K)
 Metaspace       used 82517K, committed 83200K, reserved 1179648K
  class space    used 11486K, committed 11840K, reserved 1048576K
}
Event: 350.133 GC heap before
{Heap before GC invocations=50 (full 0):
 garbage-first heap   total 280576K, used 104657K [0x0000000080000000, 0x0000000100000000)
  region size 1024K, 13 young (13312K), 2 survivors (2048K)
 Metaspace       used 82910K, committed 83584K, reserved 1179648K
  class space    used 11529K, committed 11840K, reserved 1048576K
}
Event: 350.372 GC heap after
{Heap after GC invocations=51 (full 0):
 garbage-first heap   total 280576K, used 92757K [0x0000000080000000, 0x0000000100000000)
  region size 1024K, 1 young (1024K), 1 survivors (1024K)
 Metaspace       used 82910K, committed 83584K, reserved 1179648K
  class space    used 11529K, committed 11840K, reserved 1048576K
}
Event: 367.063 GC heap before
{Heap before GC invocations=51 (full 0):
 garbage-first heap   total 280576K, used 174677K [0x0000000080000000, 0x0000000100000000)
  region size 1024K, 81 young (82944K), 1 survivors (1024K)
 Metaspace       used 90421K, committed 91136K, reserved 1179648K
  class space    used 12479K, committed 12800K, reserved 1048576K
}
Event: 367.167 GC heap after
{Heap after GC invocations=52 (full 0):
 garbage-first heap   total 280576K, used 94311K [0x0000000080000000, 0x0000000100000000)
  region size 1024K, 3 young (3072K), 3 survivors (3072K)
 Metaspace       used 90421K, committed 91136K, reserved 1179648K
  class space    used 12479K, committed 12800K, reserved 1048576K
}
Event: 375.139 GC heap before
{Heap before GC invocations=52 (full 0):
 garbage-first heap   total 280576K, used 174183K [0x0000000080000000, 0x0000000100000000)
  region size 1024K, 74 young (75776K), 3 survivors (3072K)
 Metaspace       used 93059K, committed 93824K, reserved 1179648K
  class space    used 12773K, committed 13120K, reserved 1048576K
}
Event: 375.293 GC heap after
{Heap after GC invocations=53 (full 0):
 garbage-first heap   total 280576K, used 112350K [0x0000000080000000, 0x0000000100000000)
  region size 1024K, 10 young (10240K), 10 survivors (10240K)
 Metaspace       used 93059K, committed 93824K, reserved 1179648K
  class space    used 12773K, committed 13120K, reserved 1048576K
}
Event: 375.484 GC heap before
{Heap before GC invocations=53 (full 0):
 garbage-first heap   total 280576K, used 117470K [0x0000000080000000, 0x0000000100000000)
  region size 1024K, 15 young (15360K), 10 survivors (10240K)
 Metaspace       used 93061K, committed 93824K, reserved 1179648K
  class space    used 12773K, committed 13120K, reserved 1048576K
}
Event: 375.510 GC heap after
{Heap after GC invocations=54 (full 0):
 garbage-first heap   total 280576K, used 115278K [0x0000000080000000, 0x0000000100000000)
  region size 1024K, 2 young (2048K), 2 survivors (2048K)
 Metaspace       used 93061K, committed 93824K, reserved 1179648K
  class space    used 12773K, committed 13120K, reserved 1048576K
}
Event: 375.661 GC heap before
{Heap before GC invocations=54 (full 0):
 garbage-first heap   total 280576K, used 126542K [0x0000000080000000, 0x0000000100000000)
  region size 1024K, 13 young (13312K), 2 survivors (2048K)
 Metaspace       used 93061K, committed 93824K, reserved 1179648K
  class space    used 12773K, committed 13120K, reserved 1048576K
}
Event: 375.681 GC heap after
{Heap after GC invocations=55 (full 0):
 garbage-first heap   total 280576K, used 119066K [0x0000000080000000, 0x0000000100000000)
  region size 1024K, 2 young (2048K), 2 survivors (2048K)
 Metaspace       used 93061K, committed 93824K, reserved 1179648K
  class space    used 12773K, committed 13120K, reserved 1048576K
}
Event: 375.832 GC heap before
{Heap before GC invocations=55 (full 0):
 garbage-first heap   total 280576K, used 130330K [0x0000000080000000, 0x0000000100000000)
  region size 1024K, 13 young (13312K), 2 survivors (2048K)
 Metaspace       used 93070K, committed 93824K, reserved 1179648K
  class space    used 12773K, committed 13120K, reserved 1048576K
}

